<?xml version="1.0" encoding="UTF-8"?>
<!-- Generated by org.testng.reporters.JUnitXMLReporter -->
<testsuite ignored="0" hostname="LAPTOP-H91286KS" failures="1" tests="5" name="Test" time="26.33" errors="0" timestamp="13 Dec 2024 09:33:56 GMT">
  <testcase classname="testcases.Alltestcases" name="tc01_Signup" time="4.987"/>
  <testcase classname="testcases.Alltestcases" name="tc02_loginsucess" time="1.598"/>
  <testcase classname="testcases.Alltestcases" name="tc03_loginfailure" time="1.488"/>
  <testcase classname="testcases.Alltestcases" name="tc04_add1itemchkout" time="7.588"/>
  <testcase classname="testcases.Alltestcases" name="tc05_add2itemchkout" time="1.075">
    <failure type="org.openqa.selenium.ElementClickInterceptedException" message="element click intercepted: Element &amp;lt;a href=&amp;quot;/medicare/login&amp;quot;&amp;gt;...&amp;lt;/a&amp;gt; is not clickable at point (1162, 32). Other element would receive the click: &amp;lt;div class=&amp;quot;se-pre-con&amp;quot; style=&amp;quot;opacity: 0.00427757;&amp;quot;&amp;gt;&amp;lt;/div&amp;gt;
  (Session info: chrome=131.0.6778.86)
Build info: version: &amp;apos;4.21.0&amp;apos;, revision: &amp;apos;79ed462ef4&amp;apos;
System info: os.name: &amp;apos;Windows 11&amp;apos;, os.arch: &amp;apos;amd64&amp;apos;, os.version: &amp;apos;10.0&amp;apos;, java.version: &amp;apos;11.0.22&amp;apos;
Driver info: org.openqa.selenium.chrome.ChromeDriver
Command: [30a4d1e41cbb3574193b0f30d0c47a43, clickElement {id=f.A9CFEBB4276F522AE5B6F537CBB53395.d.2608369DA4B47D3FE1C307F753739389.e.21}]
Capabilities {acceptInsecureCerts: false, browserName: chrome, browserVersion: 131.0.6778.86, chrome: {chromedriverVersion: 131.0.6778.108 (3b014839fbc..., userDataDir: C:\Users\Lenovo\AppData\Loc...}, fedcm:accounts: true, goog:chromeOptions: {debuggerAddress: localhost:61953}, networkConnectionEnabled: false, pageLoadStrategy: normal, platformName: windows, proxy: Proxy(), se:cdp: ws://localhost:61953/devtoo..., se:cdpVersion: 131.0.6778.86, setWindowRect: true, strictFileInteractability: false, timeouts: {implicit: 0, pageLoad: 300000, script: 30000}, unhandledPromptBehavior: dismiss and notify, webauthn:extension:credBlob: true, webauthn:extension:largeBlob: true, webauthn:extension:minPinLength: true, webauthn:extension:prf: true, webauthn:virtualAuthenticators: true}
Element: [[ChromeDriver: chrome on windows (30a4d1e41cbb3574193b0f30d0c47a43)] -&amp;gt; xpath: //*[@id=&amp;quot;login&amp;quot;]/a]
Session ID: 30a4d1e41cbb3574193b0f30d0c47a43">
      <![CDATA[org.openqa.selenium.ElementClickInterceptedException: element click intercepted: Element <a href="/medicare/login">...</a> is not clickable at point (1162, 32). Other element would receive the click: <div class="se-pre-con" style="opacity: 0.00427757;"></div>
  (Session info: chrome=131.0.6778.86)
Build info: version: '4.21.0', revision: '79ed462ef4'
System info: os.name: 'Windows 11', os.arch: 'amd64', os.version: '10.0', java.version: '11.0.22'
Driver info: org.openqa.selenium.chrome.ChromeDriver
Command: [30a4d1e41cbb3574193b0f30d0c47a43, clickElement {id=f.A9CFEBB4276F522AE5B6F537CBB53395.d.2608369DA4B47D3FE1C307F753739389.e.21}]
Capabilities {acceptInsecureCerts: false, browserName: chrome, browserVersion: 131.0.6778.86, chrome: {chromedriverVersion: 131.0.6778.108 (3b014839fbc..., userDataDir: C:\Users\Lenovo\AppData\Loc...}, fedcm:accounts: true, goog:chromeOptions: {debuggerAddress: localhost:61953}, networkConnectionEnabled: false, pageLoadStrategy: normal, platformName: windows, proxy: Proxy(), se:cdp: ws://localhost:61953/devtoo..., se:cdpVersion: 131.0.6778.86, setWindowRect: true, strictFileInteractability: false, timeouts: {implicit: 0, pageLoad: 300000, script: 30000}, unhandledPromptBehavior: dismiss and notify, webauthn:extension:credBlob: true, webauthn:extension:largeBlob: true, webauthn:extension:minPinLength: true, webauthn:extension:prf: true, webauthn:virtualAuthenticators: true}
Element: [[ChromeDriver: chrome on windows (30a4d1e41cbb3574193b0f30d0c47a43)] -> xpath: //*[@id="login"]/a]
Session ID: 30a4d1e41cbb3574193b0f30d0c47a43
at org.openqa.selenium.remote.ErrorCodec.decode(ErrorCodec.java:167)
at org.openqa.selenium.remote.codec.w3c.W3CHttpResponseCodec.decode(W3CHttpResponseCodec.java:138)
at org.openqa.selenium.remote.codec.w3c.W3CHttpResponseCodec.decode(W3CHttpResponseCodec.java:50)
at org.openqa.selenium.remote.HttpCommandExecutor.execute(HttpCommandExecutor.java:190)
at org.openqa.selenium.remote.service.DriverCommandExecutor.invokeExecute(DriverCommandExecutor.java:216)
at org.openqa.selenium.remote.service.DriverCommandExecutor.execute(DriverCommandExecutor.java:174)
at org.openqa.selenium.remote.RemoteWebDriver.execute(RemoteWebDriver.java:518)
at org.openqa.selenium.remote.RemoteWebElement.execute(RemoteWebElement.java:223)
at org.openqa.selenium.remote.RemoteWebElement.click(RemoteWebElement.java:76)
at org.openqa.selenium.support.pagefactory.internal.LocatingElementHandler.invoke(LocatingElementHandler.java:51)
at com.sun.proxy.$Proxy13.click(Unknown Source)
at pages.LoginPage.loginmethod(LoginPage.java:48)
at testcases.Alltestcases.tc05_add2itemchkout(Alltestcases.java:52)
... Removed 32 stack frames]]>
    </failure>
  </testcase> <!-- tc05_add2itemchkout -->
</testsuite> <!-- Test -->
